[0512/135023.032:ERROR:process_info.cc(98)] ReadProcessMemory UNICODE_STRING: Solo se completó una parte de una solicitud ReadProcessMemory o WriteProcessMemory. (0x12B)
[0512/135023.532:ERROR:process_info.cc(329)] VirtualQueryEx: Acceso denegado. (0x5)
[0512/135023.532:ERROR:process_info.cc(556)] ReadMemoryInfo failed
[0512/135023.251:ERROR:process_reader_win.cc(123)] NtOpenThread: {Acceso denegado} Un proceso ha solicitado acceso a un objeto, pero no se le han concedido esos derechos de acceso. (0xc0000022)
[0512/135023.626:ERROR:exception_snapshot_win.cc(98)] thread ID 29592 not found in process
[0512/135023.235:ERROR:process_reader_win.cc(123)] NtOpenThread: {Acceso denegado} Un proceso ha solicitado acceso a un objeto, pero no se le han concedido esos derechos de acceso. (0xc0000022)
[0512/135023.235:ERROR:process_reader_win.cc(123)] NtOpenThread: {Acceso denegado} Un proceso ha solicitado acceso a un objeto, pero no se le han concedido esos derechos de acceso. (0xc0000022)
[0512/135023.235:ERROR:process_reader_win.cc(123)] NtOpenThread: {Acceso denegado} Un proceso ha solicitado acceso a un objeto, pero no se le han concedido esos derechos de acceso. (0xc0000022)
[0512/135023.235:ERROR:process_reader_win.cc(123)] NtOpenThread: {Acceso denegado} Un proceso ha solicitado acceso a un objeto, pero no se le han concedido esos derechos de acceso. (0xc0000022)
[0512/135023.626:ERROR:exception_snapshot_win.cc(98)] thread ID 34656 not found in process
[0512/135023.626:ERROR:exception_snapshot_win.cc(98)] thread ID 8208 not found in process
[0512/135023.626:ERROR:exception_snapshot_win.cc(98)] thread ID 24940 not found in process
[0512/135023.626:ERROR:exception_snapshot_win.cc(98)] thread ID 30168 not found in process
[0512/135023.235:ERROR:process_reader_win.cc(123)] NtOpenThread: {Acceso denegado} Un proceso ha solicitado acceso a un objeto, pero no se le han concedido esos derechos de acceso. (0xc0000022)
[0512/135023.235:ERROR:process_reader_win.cc(123)] NtOpenThread: {Acceso denegado} Un proceso ha solicitado acceso a un objeto, pero no se le han concedido esos derechos de acceso. (0xc0000022)
[0512/135023.626:ERROR:exception_snapshot_win.cc(98)] thread ID 26932 not found in process
[0512/135023.626:ERROR:exception_snapshot_win.cc(98)] thread ID 25480 not found in process
[0512/135023.235:ERROR:process_reader_win.cc(123)] NtOpenThread: {Acceso denegado} Un proceso ha solicitado acceso a un objeto, pero no se le han concedido esos derechos de acceso. (0xc0000022)
[0512/135023.626:ERROR:exception_snapshot_win.cc(98)] thread ID 860 not found in process
[0512/135023.251:ERROR:process_reader_win.cc(123)] NtOpenThread: {Acceso denegado} Un proceso ha solicitado acceso a un objeto, pero no se le han concedido esos derechos de acceso. (0xc0000022)
[0512/135023.626:ERROR:exception_snapshot_win.cc(98)] thread ID 34752 not found in process
[0512/135023.579:ERROR:scoped_process_suspend.cc(40)] NtResumeProcess: Se intentó obtener acceso a un proceso que está cerrándose. (0xc000010a)
[0512/135023.235:ERROR:process_reader_win.cc(123)] NtOpenThread: {Acceso denegado} Un proceso ha solicitado acceso a un objeto, pero no se le han concedido esos derechos de acceso. (0xc0000022)
[0512/135023.626:ERROR:exception_snapshot_win.cc(98)] thread ID 29868 not found in process
[0512/135023.688:ERROR:process_info.cc(329)] VirtualQueryEx: Acceso denegado. (0x5)
[0512/135023.688:ERROR:process_info.cc(556)] ReadMemoryInfo failed
[0512/135023.688:ERROR:scoped_process_suspend.cc(40)] NtResumeProcess: Se intentó obtener acceso a un proceso que está cerrándose. (0xc000010a)
